[2026-04-04T15:20:59.623+0000] {manager.py:469} INFO - Processing files using up to 2 processes at a time 
[2026-04-04T15:20:59.624+0000] {manager.py:470} INFO - Process each file at most once every 30 seconds
[2026-04-04T15:20:59.626+0000] {manager.py:471} INFO - Checking for new files in /opt/airflow/dags every 300 seconds
[2026-04-04T15:20:59.628+0000] {manager.py:738} INFO - Searching for files in /opt/airflow/dags
[2026-04-04T15:20:59.645+0000] {manager.py:741} INFO - There are 0 files in /opt/airflow/dags
[2026-04-04T15:26:00.322+0000] {manager.py:738} INFO - Searching for files in /opt/airflow/dags
[2026-04-04T15:26:00.329+0000] {manager.py:741} INFO - There are 0 files in /opt/airflow/dags
[2026-04-04T15:26:18.968+0000] {manager.py:451} INFO - Exiting gracefully upon receiving signal 15
[2026-04-04T15:31:34.063+0000] {manager.py:469} INFO - Processing files using up to 2 processes at a time 
[2026-04-04T15:31:34.065+0000] {manager.py:470} INFO - Process each file at most once every 30 seconds
[2026-04-04T15:31:34.066+0000] {manager.py:471} INFO - Checking for new files in /opt/airflow/dags every 300 seconds
[2026-04-04T15:31:34.068+0000] {manager.py:738} INFO - Searching for files in /opt/airflow/dags
[2026-04-04T15:31:34.080+0000] {manager.py:741} INFO - There are 0 files in /opt/airflow/dags
[2026-04-04T15:34:37.137+0000] {manager.py:451} INFO - Exiting gracefully upon receiving signal 15
[2026-04-04T15:41:57.014+0000] {manager.py:469} INFO - Processing files using up to 2 processes at a time 
[2026-04-04T15:41:57.016+0000] {manager.py:470} INFO - Process each file at most once every 30 seconds
[2026-04-04T15:41:57.017+0000] {manager.py:471} INFO - Checking for new files in /opt/airflow/dags every 300 seconds
[2026-04-04T15:41:57.018+0000] {manager.py:738} INFO - Searching for files in /opt/airflow/dags
[2026-04-04T15:41:57.028+0000] {manager.py:741} INFO - There are 0 files in /opt/airflow/dags
[2026-04-04T15:46:57.482+0000] {manager.py:738} INFO - Searching for files in /opt/airflow/dags
[2026-04-04T15:46:57.487+0000] {manager.py:741} INFO - There are 0 files in /opt/airflow/dags
